<?xml version="1.0" encoding="UTF-8"?>
<testsuite xmlns:xsi="http://www.w3.org/2001/XMLSchema-instance" xsi:noNamespaceSchemaLocation="https://maven.apache.org/surefire/maven-surefire-plugin/xsd/surefire-test-report.xsd" version="3.0.2" name="com.ggeorgiev.employees.services.EmployeeOverlapServiceTest" time="0.049" tests="8" errors="0" skipped="0" failures="0">
  <properties>
[...]
</properties>
  <testcase name="testFindAllWorkingPairs" classname="com.ggeorgiev.employees.services.EmployeeOverlapServiceTest" time="0.009">
    <system-out><![CDATA[2025-09-08T01:05:35.179+03:00  INFO 21344 --- [           main] c.g.employees.services.EmployeeService   : Finding all working pairs from 3 projects
2025-09-08T01:05:35.181+03:00 DEBUG 21344 --- [           main] c.g.employees.services.EmployeeService   : Grouped projects into 1 groups
2025-09-08T01:05:35.182+03:00 DEBUG 21344 --- [           main] c.g.employees.services.EmployeeService   : Processing project 12 with 3 employees assigned
2025-09-08T01:05:35.183+03:00 DEBUG 21344 --- [           main] c.g.employees.services.EmployeeService   : Pair 143 and 218 overlap on project 12 for 93 days
2025-09-08T01:05:35.183+03:00 DEBUG 21344 --- [           main] c.g.employees.services.EmployeeService   : Pair 143 and 350 overlap on project 12 for 32 days
2025-09-08T01:05:35.184+03:00 DEBUG 21344 --- [           main] c.g.employees.services.EmployeeService   : Pair 218 and 350 overlap on project 12 for 93 days
2025-09-08T01:05:35.185+03:00  INFO 21344 --- [           main] c.g.employees.services.EmployeeService   : Found 3 employee pairs with overlapping days
]]></system-out>
  </testcase>
  <testcase name="testFindLongestWorkingPair_SingleProject" classname="com.ggeorgiev.employees.services.EmployeeOverlapServiceTest" time="0.007">
    <system-out><![CDATA[2025-09-08T01:05:35.188+03:00  INFO 21344 --- [           main] c.g.employees.services.EmployeeService   : Finding longest working employee pair from 2 projects
2025-09-08T01:05:35.189+03:00 DEBUG 21344 --- [           main] c.g.employees.services.EmployeeService   : Grouped projects into 1 groups
2025-09-08T01:05:35.189+03:00 DEBUG 21344 --- [           main] c.g.employees.services.EmployeeService   : Processing project 12 with 2 employees assigned
2025-09-08T01:05:35.190+03:00 DEBUG 21344 --- [           main] c.g.employees.services.EmployeeService   : Pair 143 and 218 overlap on project 12 for 4 days
2025-09-08T01:05:35.192+03:00  INFO 21344 --- [           main] c.g.employees.services.EmployeeService   : Longest working pair found: 143 and 218 with total 4 days across 1 projects
]]></system-out>
  </testcase>
  <testcase name="testFindLongestWorkingPair_ExactSamePeriod" classname="com.ggeorgiev.employees.services.EmployeeOverlapServiceTest" time="0.004">
    <system-out><![CDATA[2025-09-08T01:05:35.197+03:00  INFO 21344 --- [           main] c.g.employees.services.EmployeeService   : Finding longest working employee pair from 2 projects
2025-09-08T01:05:35.198+03:00 DEBUG 21344 --- [           main] c.g.employees.services.EmployeeService   : Grouped projects into 1 groups
2025-09-08T01:05:35.198+03:00 DEBUG 21344 --- [           main] c.g.employees.services.EmployeeService   : Processing project 12 with 2 employees assigned
2025-09-08T01:05:35.198+03:00 DEBUG 21344 --- [           main] c.g.employees.services.EmployeeService   : Pair 143 and 218 overlap on project 12 for 31 days
2025-09-08T01:05:35.198+03:00  INFO 21344 --- [           main] c.g.employees.services.EmployeeService   : Longest working pair found: 143 and 218 with total 31 days across 1 projects
]]></system-out>
  </testcase>
  <testcase name="testFindLongestWorkingPair_BasicCase" classname="com.ggeorgiev.employees.services.EmployeeOverlapServiceTest" time="0.004">
    <system-out><![CDATA[2025-09-08T01:05:35.201+03:00  INFO 21344 --- [           main] c.g.employees.services.EmployeeService   : Finding longest working employee pair from 4 projects
2025-09-08T01:05:35.202+03:00 DEBUG 21344 --- [           main] c.g.employees.services.EmployeeService   : Grouped projects into 2 groups
2025-09-08T01:05:35.203+03:00 DEBUG 21344 --- [           main] c.g.employees.services.EmployeeService   : Processing project 10 with 2 employees assigned
2025-09-08T01:05:35.203+03:00 DEBUG 21344 --- [           main] c.g.employees.services.EmployeeService   : Pair 143 and 218 overlap on project 10 for 600 days
2025-09-08T01:05:35.203+03:00 DEBUG 21344 --- [           main] c.g.employees.services.EmployeeService   : Processing project 12 with 2 employees assigned
2025-09-08T01:05:35.203+03:00 DEBUG 21344 --- [           main] c.g.employees.services.EmployeeService   : Pair 143 and 218 overlap on project 12 for 36 days
2025-09-08T01:05:35.204+03:00  INFO 21344 --- [           main] c.g.employees.services.EmployeeService   : Longest working pair found: 143 and 218 with total 636 days across 2 projects
]]></system-out>
  </testcase>
  <testcase name="testFindLongestWorkingPair_EmptyList" classname="com.ggeorgiev.employees.services.EmployeeOverlapServiceTest" time="0.005">
    <system-out><![CDATA[2025-09-08T01:05:35.208+03:00  INFO 21344 --- [           main] c.g.employees.services.EmployeeService   : Finding longest working employee pair from 0 projects
2025-09-08T01:05:35.208+03:00 DEBUG 21344 --- [           main] c.g.employees.services.EmployeeService   : Grouped projects into 0 groups
2025-09-08T01:05:35.209+03:00  INFO 21344 --- [           main] c.g.employees.services.EmployeeService   : No overlapping employee pairs found
]]></system-out>
  </testcase>
  <testcase name="testFindLongestWorkingPair_ThreeEmployees" classname="com.ggeorgiev.employees.services.EmployeeOverlapServiceTest" time="0.004">
    <system-out><![CDATA[2025-09-08T01:05:35.213+03:00  INFO 21344 --- [           main] c.g.employees.services.EmployeeService   : Finding longest working employee pair from 3 projects
2025-09-08T01:05:35.213+03:00 DEBUG 21344 --- [           main] c.g.employees.services.EmployeeService   : Grouped projects into 1 groups
2025-09-08T01:05:35.213+03:00 DEBUG 21344 --- [           main] c.g.employees.services.EmployeeService   : Processing project 12 with 3 employees assigned
2025-09-08T01:05:35.214+03:00 DEBUG 21344 --- [           main] c.g.employees.services.EmployeeService   : Pair 143 and 218 overlap on project 12 for 214 days
2025-09-08T01:05:35.214+03:00 DEBUG 21344 --- [           main] c.g.employees.services.EmployeeService   : Pair 143 and 350 overlap on project 12 for 122 days
2025-09-08T01:05:35.214+03:00 DEBUG 21344 --- [           main] c.g.employees.services.EmployeeService   : Pair 218 and 350 overlap on project 12 for 122 days
2025-09-08T01:05:35.215+03:00  INFO 21344 --- [           main] c.g.employees.services.EmployeeService   : Longest working pair found: 143 and 218 with total 214 days across 1 projects
]]></system-out>
  </testcase>
  <testcase name="testFindLongestWorkingPair_NoOverlap" classname="com.ggeorgiev.employees.services.EmployeeOverlapServiceTest" time="0.003">
    <system-out><![CDATA[2025-09-08T01:05:35.219+03:00  INFO 21344 --- [           main] c.g.employees.services.EmployeeService   : Finding longest working employee pair from 2 projects
2025-09-08T01:05:35.220+03:00 DEBUG 21344 --- [           main] c.g.employees.services.EmployeeService   : Grouped projects into 1 groups
2025-09-08T01:05:35.220+03:00 DEBUG 21344 --- [           main] c.g.employees.services.EmployeeService   : Processing project 12 with 2 employees assigned
2025-09-08T01:05:35.220+03:00  INFO 21344 --- [           main] c.g.employees.services.EmployeeService   : No overlapping employee pairs found
]]></system-out>
  </testcase>
  <testcase name="testFindLongestWorkingPair_SingleEmployee" classname="com.ggeorgiev.employees.services.EmployeeOverlapServiceTest" time="0.003">
    <system-out><![CDATA[2025-09-08T01:05:35.223+03:00  INFO 21344 --- [           main] c.g.employees.services.EmployeeService   : Finding longest working employee pair from 1 projects
2025-09-08T01:05:35.224+03:00 DEBUG 21344 --- [           main] c.g.employees.services.EmployeeService   : Grouped projects into 1 groups
2025-09-08T01:05:35.224+03:00 DEBUG 21344 --- [           main] c.g.employees.services.EmployeeService   : Processing project 12 with 1 employees assigned
2025-09-08T01:05:35.224+03:00  INFO 21344 --- [           main] c.g.employees.services.EmployeeService   : No overlapping employee pairs found
]]></system-out>
  </testcase>
</testsuite>